<?xml version="1.0" ?>
<coverage version="7.14.3" timestamp="1782287090240" lines-valid="1761" lines-covered="1433" line-rate="0.8137" branches-valid="624" branches-covered="351" branch-rate="0.5625" complexity="0">
	<!-- Generated by coverage.py: https://coverage.readthedocs.io/en/7.14.3 -->
	<!-- Based on https://raw.githubusercontent.com/cobertura/web/master/htdocs/xml/coverage-04.dtd -->
	<sources>
		<source></source>
	</sources>
	<packages>
		<package name="cellcoloc" line-rate="0.8137" branch-rate="0.5625" complexity="0">
			<classes>
				<class name="__init__.py" filename="cellcoloc/__init__.py" complexity="0" line-rate="1" branch-rate="1">
					<methods/>
					<lines>
						<line number="12" hits="1"/>
						<line number="14" hits="1"/>
						<line number="16" hits="1"/>
						<line number="18" hits="1"/>
						<line number="25" hits="1"/>
						<line number="36" hits="1"/>
						<line number="44" hits="1"/>
						<line number="52" hits="1"/>
						<line number="63" hits="1"/>
						<line number="73" hits="1"/>
						<line number="74" hits="1"/>
						<line number="75" hits="1"/>
						<line number="89" hits="1"/>
					</lines>
				</class>
				<class name="analysis.py" filename="cellcoloc/analysis.py" complexity="0" line-rate="0.8433" branch-rate="0.6554">
					<methods/>
					<lines>
						<line number="8" hits="1"/>
						<line number="10" hits="1"/>
						<line number="11" hits="1"/>
						<line number="12" hits="1"/>
						<line number="14" hits="1"/>
						<line number="15" hits="1"/>
						<line number="16" hits="1"/>
						<line number="17" hits="1"/>
						<line number="25" hits="1"/>
						<line number="35" hits="1"/>
						<line number="42" hits="1"/>
						<line number="43" hits="1"/>
						<line number="44" hits="1"/>
						<line number="46" hits="1" branch="true" condition-coverage="100% (2/2)"/>
						<line number="47" hits="1"/>
						<line number="48" hits="1"/>
						<line number="50" hits="1"/>
						<line number="51" hits="1"/>
						<line number="52" hits="1"/>
						<line number="54" hits="1" branch="true" condition-coverage="100% (2/2)"/>
						<line number="55" hits="1"/>
						<line number="66" hits="1"/>
						<line number="68" hits="1" branch="true" condition-coverage="100% (2/2)"/>
						<line number="69" hits="1"/>
						<line number="81" hits="1"/>
						<line number="84" hits="1"/>
						<line number="92" hits="1" branch="true" condition-coverage="50% (1/2)" missing-branches="93"/>
						<line number="93" hits="0"/>
						<line number="95" hits="1"/>
						<line number="96" hits="1"/>
						<line number="97" hits="1"/>
						<line number="99" hits="1"/>
						<line number="100" hits="1"/>
						<line number="101" hits="1"/>
						<line number="104" hits="1"/>
						<line number="124" hits="1"/>
						<line number="125" hits="1"/>
						<line number="126" hits="1"/>
						<line number="128" hits="1"/>
						<line number="129" hits="1"/>
						<line number="130" hits="1" branch="true" condition-coverage="50% (1/2)" missing-branches="131"/>
						<line number="131" hits="0"/>
						<line number="137" hits="1"/>
						<line number="140" hits="1"/>
						<line number="153" hits="1"/>
						<line number="154" hits="1" branch="true" condition-coverage="100% (2/2)"/>
						<line number="155" hits="1" branch="true" condition-coverage="100% (2/2)"/>
						<line number="156" hits="1"/>
						<line number="157" hits="1"/>
						<line number="159" hits="1" branch="true" condition-coverage="100% (2/2)"/>
						<line number="160" hits="1"/>
						<line number="162" hits="1"/>
						<line number="163" hits="1" branch="true" condition-coverage="50% (1/2)" missing-branches="164"/>
						<line number="164" hits="0"/>
						<line number="169" hits="1"/>
						<line number="172" hits="1"/>
						<line number="179" hits="1" branch="true" condition-coverage="50% (1/2)" missing-branches="180"/>
						<line number="180" hits="0"/>
						<line number="182" hits="1"/>
						<line number="183" hits="1"/>
						<line number="184" hits="1" branch="true" condition-coverage="50% (1/2)" missing-branches="185"/>
						<line number="185" hits="0"/>
						<line number="189" hits="1"/>
						<line number="192" hits="1"/>
						<line number="202" hits="1"/>
						<line number="203" hits="1" branch="true" condition-coverage="100% (2/2)"/>
						<line number="204" hits="1" branch="true" condition-coverage="50% (1/2)" missing-branches="205"/>
						<line number="205" hits="0"/>
						<line number="206" hits="1"/>
						<line number="207" hits="1" branch="true" condition-coverage="50% (1/2)" missing-branches="203"/>
						<line number="208" hits="1"/>
						<line number="210" hits="1" branch="true" condition-coverage="50% (1/2)" missing-branches="211"/>
						<line number="211" hits="0"/>
						<line number="213" hits="1"/>
						<line number="214" hits="1" branch="true" condition-coverage="50% (1/2)" missing-branches="215"/>
						<line number="215" hits="0"/>
						<line number="221" hits="1"/>
						<line number="224" hits="1"/>
						<line number="234" hits="1"/>
						<line number="235" hits="1" branch="true" condition-coverage="100% (2/2)"/>
						<line number="236" hits="1"/>
						<line number="237" hits="1" branch="true" condition-coverage="50% (1/2)" missing-branches="239"/>
						<line number="238" hits="1"/>
						<line number="239" hits="0" branch="true" condition-coverage="0% (0/2)" missing-branches="240,241"/>
						<line number="240" hits="0"/>
						<line number="241" hits="0" branch="true" condition-coverage="0% (0/2)" missing-branches="242,243"/>
						<line number="242" hits="0"/>
						<line number="243" hits="0" branch="true" condition-coverage="0% (0/2)" missing-branches="244,246"/>
						<line number="244" hits="0"/>
						<line number="246" hits="0"/>
						<line number="248" hits="1"/>
						<line number="251" hits="1"/>
						<line number="280" hits="1"/>
						<line number="281" hits="1" branch="true" condition-coverage="50% (1/2)" missing-branches="282"/>
						<line number="282" hits="0"/>
						<line number="284" hits="1"/>
						<line number="288" hits="1"/>
						<line number="290" hits="1"/>
						<line number="291" hits="1"/>
						<line number="292" hits="1"/>
						<line number="293" hits="1" branch="true" condition-coverage="50% (1/2)" missing-branches="299"/>
						<line number="294" hits="1"/>
						<line number="299" hits="1"/>
						<line number="315" hits="1"/>
						<line number="326" hits="1" branch="true" condition-coverage="100% (2/2)"/>
						<line number="327" hits="1"/>
						<line number="328" hits="1" branch="true" condition-coverage="100% (2/2)"/>
						<line number="329" hits="1"/>
						<line number="331" hits="1"/>
						<line number="332" hits="1"/>
						<line number="333" hits="1"/>
						<line number="334" hits="1"/>
						<line number="337" hits="1"/>
						<line number="390" hits="1"/>
						<line number="394" hits="1"/>
						<line number="395" hits="1"/>
						<line number="397" hits="1"/>
						<line number="398" hits="1"/>
						<line number="400" hits="1"/>
						<line number="401" hits="1"/>
						<line number="403" hits="1" branch="true" condition-coverage="50% (1/2)" missing-branches="404"/>
						<line number="404" hits="0"/>
						<line number="405" hits="0"/>
						<line number="411" hits="1" branch="true" condition-coverage="50% (1/2)" missing-branches="412"/>
						<line number="412" hits="0"/>
						<line number="413" hits="0"/>
						<line number="419" hits="1"/>
						<line number="420" hits="1" branch="true" condition-coverage="100% (2/2)"/>
						<line number="421" hits="1"/>
						<line number="422" hits="1"/>
						<line number="423" hits="1" branch="true" condition-coverage="50% (1/2)" missing-branches="424"/>
						<line number="424" hits="0"/>
						<line number="426" hits="1"/>
						<line number="427" hits="1"/>
						<line number="428" hits="1"/>
						<line number="429" hits="1"/>
						<line number="430" hits="1" branch="true" condition-coverage="100% (2/2)"/>
						<line number="431" hits="1"/>
						<line number="432" hits="1"/>
						<line number="433" hits="1"/>
						<line number="434" hits="1"/>
						<line number="435" hits="1"/>
						<line number="437" hits="1"/>
						<line number="438" hits="1" branch="true" condition-coverage="50% (1/2)" missing-branches="444"/>
						<line number="439" hits="1"/>
						<line number="444" hits="1"/>
						<line number="453" hits="1"/>
						<line number="457" hits="1" branch="true" condition-coverage="50% (1/2)" missing-branches="462"/>
						<line number="462" hits="0"/>
						<line number="463" hits="0"/>
						<line number="468" hits="1"/>
						<line number="476" hits="1"/>
						<line number="485" hits="1"/>
						<line number="487" hits="1"/>
						<line number="504" hits="1"/>
						<line number="517" hits="1"/>
						<line number="518" hits="1"/>
						<line number="520" hits="1" branch="true" condition-coverage="100% (2/2)"/>
						<line number="521" hits="1"/>
						<line number="522" hits="1"/>
						<line number="526" hits="1"/>
						<line number="539" hits="1"/>
						<line number="540" hits="1" branch="true" condition-coverage="50% (1/2)" missing-branches="543"/>
						<line number="541" hits="1"/>
						<line number="543" hits="1"/>
						<line number="544" hits="1"/>
						<line number="545" hits="1" branch="true" condition-coverage="50% (1/2)" missing-branches="548"/>
						<line number="546" hits="1"/>
						<line number="548" hits="1"/>
						<line number="549" hits="1"/>
						<line number="550" hits="1"/>
						<line number="555" hits="1"/>
						<line number="558" hits="1"/>
						<line number="590" hits="1" branch="true" condition-coverage="50% (1/2)" missing-branches="591"/>
						<line number="591" hits="0"/>
						<line number="593" hits="1"/>
						<line number="601" hits="1" branch="true" condition-coverage="100% (2/2)"/>
						<line number="602" hits="1"/>
						<line number="604" hits="1" branch="true" condition-coverage="50% (1/2)" missing-branches="605"/>
						<line number="605" hits="0"/>
						<line number="612" hits="1"/>
						<line number="619" hits="1" branch="true" condition-coverage="100% (2/2)"/>
						<line number="620" hits="1"/>
						<line number="622" hits="1" branch="true" condition-coverage="50% (1/2)" missing-branches="623"/>
						<line number="623" hits="0"/>
						<line number="630" hits="1"/>
						<line number="637" hits="1" branch="true" condition-coverage="100% (2/2)"/>
						<line number="638" hits="1"/>
						<line number="644" hits="1" branch="true" condition-coverage="50% (1/2)" missing-branches="645"/>
						<line number="645" hits="0"/>
						<line number="652" hits="1"/>
						<line number="659" hits="1"/>
						<line number="660" hits="1"/>
						<line number="661" hits="1"/>
						<line number="663" hits="1"/>
						<line number="681" hits="1"/>
						<line number="695" hits="1" branch="true" condition-coverage="50% (1/2)" missing-branches="696"/>
						<line number="696" hits="0"/>
						<line number="714" hits="1"/>
						<line number="715" hits="1"/>
						<line number="724" hits="1"/>
						<line number="726" hits="1"/>
						<line number="727" hits="1" branch="true" condition-coverage="100% (2/2)"/>
						<line number="728" hits="1"/>
						<line number="729" hits="1" branch="true" condition-coverage="100% (2/2)"/>
						<line number="730" hits="1"/>
						<line number="732" hits="1"/>
						<line number="733" hits="1"/>
						<line number="734" hits="1"/>
						<line number="735" hits="1"/>
						<line number="736" hits="1"/>
						<line number="737" hits="1"/>
						<line number="739" hits="1"/>
						<line number="745" hits="1"/>
						<line number="758" hits="1"/>
						<line number="759" hits="1"/>
						<line number="761" hits="1" branch="true" condition-coverage="100% (2/2)"/>
						<line number="762" hits="1"/>
						<line number="768" hits="1"/>
						<line number="773" hits="1"/>
						<line number="774" hits="1"/>
						<line number="777" hits="1"/>
						<line number="780" hits="1"/>
						<line number="783" hits="1"/>
						<line number="787" hits="1"/>
						<line number="790" hits="1"/>
						<line number="804" hits="1" branch="true" condition-coverage="50% (1/2)" missing-branches="805"/>
						<line number="805" hits="0"/>
						<line number="817" hits="1"/>
						<line number="818" hits="1"/>
						<line number="819" hits="1"/>
						<line number="821" hits="1" branch="true" condition-coverage="100% (2/2)"/>
						<line number="822" hits="1"/>
						<line number="823" hits="1"/>
						<line number="824" hits="1" branch="true" condition-coverage="50% (1/2)" missing-branches="825"/>
						<line number="825" hits="0"/>
						<line number="827" hits="1"/>
						<line number="828" hits="1"/>
						<line number="829" hits="1"/>
						<line number="830" hits="1"/>
						<line number="831" hits="1"/>
						<line number="832" hits="1" branch="true" condition-coverage="50% (1/2)" missing-branches="833"/>
						<line number="833" hits="0"/>
						<line number="835" hits="1" branch="true" condition-coverage="100% (2/2)"/>
						<line number="836" hits="1"/>
						<line number="837" hits="1"/>
						<line number="838" hits="1"/>
						<line number="839" hits="1"/>
						<line number="840" hits="1"/>
						<line number="841" hits="1"/>
						<line number="842" hits="1"/>
						<line number="848" hits="1"/>
						<line number="864" hits="1"/>
						<line number="867" hits="1"/>
						<line number="884" hits="1"/>
						<line number="885" hits="1"/>
						<line number="886" hits="1"/>
						<line number="887" hits="1"/>
						<line number="888" hits="1"/>
						<line number="889" hits="1"/>
						<line number="891" hits="1"/>
						<line number="892" hits="1" branch="true" condition-coverage="100% (2/2)"/>
						<line number="893" hits="1" branch="true" condition-coverage="50% (1/2)" missing-branches="894"/>
						<line number="894" hits="0"/>
						<line number="896" hits="1"/>
						<line number="897" hits="1"/>
						<line number="898" hits="1"/>
						<line number="899" hits="1"/>
						<line number="900" hits="1"/>
						<line number="901" hits="1"/>
						<line number="902" hits="1"/>
						<line number="908" hits="1"/>
						<line number="909" hits="1"/>
						<line number="911" hits="1"/>
						<line number="912" hits="1"/>
						<line number="914" hits="1"/>
						<line number="915" hits="1"/>
						<line number="926" hits="1" branch="true" condition-coverage="100% (2/2)"/>
						<line number="927" hits="1"/>
						<line number="930" hits="1" branch="true" condition-coverage="100% (2/2)"/>
						<line number="931" hits="1"/>
						<line number="935" hits="1"/>
						<line number="944" hits="1"/>
						<line number="954" hits="1" branch="true" condition-coverage="100% (2/2)"/>
						<line number="955" hits="1"/>
						<line number="965" hits="1"/>
						<line number="967" hits="1"/>
						<line number="970" hits="1"/>
						<line number="984" hits="1"/>
						<line number="985" hits="1"/>
						<line number="986" hits="1"/>
						<line number="987" hits="1"/>
						<line number="988" hits="1"/>
						<line number="989" hits="1"/>
						<line number="991" hits="1"/>
						<line number="992" hits="1"/>
						<line number="993" hits="1"/>
						<line number="994" hits="1"/>
						<line number="995" hits="1"/>
						<line number="997" hits="1"/>
						<line number="998" hits="1"/>
						<line number="999" hits="1"/>
						<line number="1001" hits="1"/>
						<line number="1002" hits="1"/>
						<line number="1003" hits="1"/>
						<line number="1004" hits="1"/>
						<line number="1006" hits="1"/>
						<line number="1016" hits="1"/>
						<line number="1042" hits="1" branch="true" condition-coverage="50% (1/2)" missing-branches="1043"/>
						<line number="1043" hits="0"/>
						<line number="1045" hits="1"/>
						<line number="1046" hits="1"/>
						<line number="1048" hits="1"/>
						<line number="1049" hits="1" branch="true" condition-coverage="50% (1/2)" missing-branches="1050"/>
						<line number="1050" hits="0"/>
						<line number="1052" hits="1"/>
						<line number="1058" hits="1"/>
						<line number="1060" hits="1"/>
						<line number="1065" hits="1"/>
						<line number="1066" hits="1" branch="true" condition-coverage="50% (1/2)" missing-branches="1071"/>
						<line number="1071" hits="0"/>
						<line number="1076" hits="1"/>
						<line number="1077" hits="1"/>
						<line number="1078" hits="1"/>
						<line number="1079" hits="1" branch="true" condition-coverage="50% (1/2)" missing-branches="1081"/>
						<line number="1080" hits="1"/>
						<line number="1081" hits="1"/>
						<line number="1082" hits="1"/>
						<line number="1083" hits="1"/>
						<line number="1085" hits="1"/>
						<line number="1086" hits="1"/>
						<line number="1087" hits="1" branch="true" condition-coverage="100% (2/2)"/>
						<line number="1088" hits="1"/>
						<line number="1089" hits="1"/>
						<line number="1090" hits="1"/>
						<line number="1091" hits="1" branch="true" condition-coverage="50% (1/2)" missing-branches="1092"/>
						<line number="1092" hits="0"/>
						<line number="1093" hits="0"/>
						<line number="1095" hits="1"/>
						<line number="1096" hits="1"/>
						<line number="1098" hits="1"/>
						<line number="1099" hits="1"/>
						<line number="1100" hits="1"/>
						<line number="1101" hits="1"/>
						<line number="1102" hits="1"/>
						<line number="1103" hits="1"/>
						<line number="1104" hits="1"/>
						<line number="1105" hits="1"/>
						<line number="1106" hits="1" branch="true" condition-coverage="50% (1/2)" missing-branches="1116"/>
						<line number="1107" hits="1" branch="true" condition-coverage="50% (1/2)" missing-branches="1108"/>
						<line number="1108" hits="0"/>
						<line number="1112" hits="1"/>
						<line number="1113" hits="1"/>
						<line number="1114" hits="1"/>
						<line number="1116" hits="1"/>
						<line number="1122" hits="1"/>
						<line number="1128" hits="1" branch="true" condition-coverage="50% (1/2)" missing-branches="1136"/>
						<line number="1129" hits="1"/>
						<line number="1136" hits="1" branch="true" condition-coverage="50% (1/2)" missing-branches="1137"/>
						<line number="1137" hits="0"/>
						<line number="1138" hits="0"/>
						<line number="1139" hits="0"/>
						<line number="1140" hits="0"/>
						<line number="1141" hits="0"/>
						<line number="1142" hits="0"/>
						<line number="1143" hits="0"/>
						<line number="1144" hits="1" branch="true" condition-coverage="50% (1/2)" missing-branches="1145"/>
						<line number="1145" hits="0"/>
						<line number="1146" hits="0"/>
						<line number="1147" hits="0"/>
						<line number="1148" hits="0"/>
						<line number="1149" hits="0"/>
						<line number="1150" hits="0"/>
						<line number="1151" hits="0"/>
						<line number="1152" hits="1" branch="true" condition-coverage="50% (1/2)" missing-branches="1153"/>
						<line number="1153" hits="0"/>
						<line number="1154" hits="0"/>
						<line number="1155" hits="0"/>
						<line number="1156" hits="0"/>
						<line number="1157" hits="0"/>
						<line number="1158" hits="0"/>
						<line number="1159" hits="0"/>
						<line number="1161" hits="1"/>
						<line number="1162" hits="1"/>
						<line number="1164" hits="1" branch="true" condition-coverage="50% (1/2)" missing-branches="1166"/>
						<line number="1165" hits="1"/>
						<line number="1166" hits="1" branch="true" condition-coverage="50% (1/2)" missing-branches="1167"/>
						<line number="1167" hits="0"/>
						<line number="1169" hits="1"/>
						<line number="1173" hits="1"/>
						<line number="1177" hits="1" branch="true" condition-coverage="50% (1/2)" missing-branches="1087"/>
						<line number="1178" hits="1"/>
						<line number="1183" hits="1"/>
						<line number="1184" hits="1"/>
						<line number="1185" hits="1" branch="true" condition-coverage="50% (1/2)" missing-branches="1186"/>
						<line number="1186" hits="0"/>
						<line number="1191" hits="1" branch="true" condition-coverage="50% (1/2)" missing-branches="1192"/>
						<line number="1192" hits="0"/>
						<line number="1197" hits="1"/>
						<line number="1198" hits="1" branch="true" condition-coverage="50% (1/2)" missing-branches="1199"/>
						<line number="1199" hits="0"/>
						<line number="1205" hits="1"/>
					</lines>
				</class>
				<class name="config.py" filename="cellcoloc/config.py" complexity="0" line-rate="1" branch-rate="1">
					<methods/>
					<lines>
						<line number="11" hits="1"/>
						<line number="13" hits="1"/>
						<line number="14" hits="1"/>
						<line number="17" hits="1"/>
						<line number="18" hits="1"/>
						<line number="36" hits="1"/>
						<line number="37" hits="1"/>
						<line number="38" hits="1"/>
						<line number="41" hits="1"/>
						<line number="42" hits="1"/>
						<line number="55" hits="1"/>
						<line number="58" hits="1"/>
						<line number="59" hits="1"/>
						<line number="62" hits="1"/>
						<line number="63" hits="1"/>
						<line number="64" hits="1"/>
						<line number="65" hits="1"/>
						<line number="68" hits="1"/>
						<line number="69" hits="1"/>
						<line number="72" hits="1"/>
						<line number="73" hits="1"/>
						<line number="76" hits="1"/>
						<line number="77" hits="1"/>
						<line number="195" hits="1"/>
						<line number="196" hits="1"/>
						<line number="197" hits="1"/>
						<line number="198" hits="1"/>
						<line number="199" hits="1"/>
						<line number="200" hits="1"/>
						<line number="201" hits="1"/>
						<line number="202" hits="1"/>
						<line number="203" hits="1"/>
						<line number="204" hits="1"/>
						<line number="205" hits="1"/>
						<line number="206" hits="1"/>
						<line number="207" hits="1"/>
						<line number="208" hits="1"/>
						<line number="209" hits="1"/>
						<line number="210" hits="1"/>
						<line number="211" hits="1"/>
						<line number="212" hits="1"/>
						<line number="213" hits="1"/>
						<line number="214" hits="1"/>
						<line number="215" hits="1"/>
						<line number="216" hits="1"/>
						<line number="217" hits="1"/>
						<line number="218" hits="1"/>
						<line number="219" hits="1"/>
						<line number="220" hits="1"/>
						<line number="221" hits="1"/>
						<line number="222" hits="1"/>
						<line number="223" hits="1"/>
						<line number="224" hits="1"/>
						<line number="225" hits="1"/>
						<line number="226" hits="1"/>
						<line number="229" hits="1"/>
						<line number="230" hits="1"/>
						<line number="249" hits="1"/>
						<line number="250" hits="1"/>
						<line number="251" hits="1"/>
						<line number="252" hits="1"/>
						<line number="255" hits="1"/>
						<line number="256" hits="1"/>
						<line number="266" hits="1"/>
						<line number="269" hits="1"/>
						<line number="270" hits="1"/>
						<line number="279" hits="1"/>
						<line number="280" hits="1"/>
						<line number="281" hits="1"/>
						<line number="282" hits="1"/>
						<line number="283" hits="1"/>
						<line number="284" hits="1"/>
						<line number="285" hits="1"/>
						<line number="286" hits="1"/>
						<line number="289" hits="1"/>
						<line number="290" hits="1"/>
						<line number="313" hits="1"/>
						<line number="314" hits="1"/>
						<line number="315" hits="1"/>
						<line number="316" hits="1"/>
						<line number="317" hits="1"/>
						<line number="318" hits="1"/>
					</lines>
				</class>
				<class name="filtering.py" filename="cellcoloc/filtering.py" complexity="0" line-rate="0.8108" branch-rate="0.6939">
					<methods/>
					<lines>
						<line number="12" hits="1"/>
						<line number="14" hits="1"/>
						<line number="16" hits="1"/>
						<line number="17" hits="1"/>
						<line number="18" hits="1"/>
						<line number="19" hits="1"/>
						<line number="21" hits="1"/>
						<line number="24" hits="1"/>
						<line number="46" hits="1"/>
						<line number="47" hits="1"/>
						<line number="49" hits="1"/>
						<line number="50" hits="1"/>
						<line number="52" hits="1" branch="true" condition-coverage="100% (2/2)"/>
						<line number="53" hits="1" branch="true" condition-coverage="100% (2/2)"/>
						<line number="54" hits="1"/>
						<line number="55" hits="1"/>
						<line number="60" hits="1" branch="true" condition-coverage="100% (2/2)"/>
						<line number="61" hits="1"/>
						<line number="65" hits="1" branch="true" condition-coverage="100% (2/2)"/>
						<line number="66" hits="1"/>
						<line number="68" hits="1"/>
						<line number="69" hits="1"/>
						<line number="71" hits="1" branch="true" condition-coverage="50% (1/2)" missing-branches="72"/>
						<line number="72" hits="0"/>
						<line number="73" hits="0"/>
						<line number="78" hits="0" branch="true" condition-coverage="0% (0/2)" missing-branches="79,86"/>
						<line number="79" hits="0"/>
						<line number="86" hits="0" branch="true" condition-coverage="0% (0/2)" missing-branches="87,92"/>
						<line number="87" hits="0"/>
						<line number="92" hits="0"/>
						<line number="96" hits="0"/>
						<line number="97" hits="0"/>
						<line number="99" hits="1" branch="true" condition-coverage="50% (1/2)" missing-branches="117"/>
						<line number="100" hits="1"/>
						<line number="101" hits="1"/>
						<line number="106" hits="1" branch="true" condition-coverage="50% (1/2)" missing-branches="107"/>
						<line number="107" hits="0"/>
						<line number="111" hits="1" branch="true" condition-coverage="100% (2/2)"/>
						<line number="112" hits="1"/>
						<line number="114" hits="1"/>
						<line number="115" hits="1"/>
						<line number="117" hits="0"/>
						<line number="119" hits="1"/>
						<line number="122" hits="1"/>
						<line number="134" hits="1"/>
						<line number="135" hits="1"/>
						<line number="136" hits="1"/>
						<line number="138" hits="1" branch="true" condition-coverage="100% (2/2)"/>
						<line number="139" hits="1" branch="true" condition-coverage="100% (2/2)"/>
						<line number="140" hits="1"/>
						<line number="141" hits="1" branch="true" condition-coverage="100% (2/2)"/>
						<line number="142" hits="1"/>
						<line number="143" hits="1" branch="true" condition-coverage="50% (1/2)" missing-branches="146"/>
						<line number="144" hits="1"/>
						<line number="146" hits="0"/>
						<line number="148" hits="1"/>
						<line number="151" hits="1"/>
						<line number="154" hits="1" branch="true" condition-coverage="100% (2/2)"/>
						<line number="155" hits="1"/>
						<line number="156" hits="1" branch="true" condition-coverage="100% (2/2)"/>
						<line number="157" hits="1"/>
						<line number="159" hits="1"/>
						<line number="161" hits="1"/>
						<line number="162" hits="1" branch="true" condition-coverage="100% (2/2)"/>
						<line number="163" hits="1"/>
						<line number="164" hits="1" branch="true" condition-coverage="100% (2/2)"/>
						<line number="165" hits="1"/>
						<line number="168" hits="1"/>
						<line number="169" hits="1"/>
						<line number="175" hits="1"/>
						<line number="178" hits="1"/>
						<line number="181" hits="1" branch="true" condition-coverage="50% (1/2)" missing-branches="182"/>
						<line number="182" hits="0"/>
						<line number="183" hits="1" branch="true" condition-coverage="100% (2/2)"/>
						<line number="184" hits="1"/>
						<line number="186" hits="1"/>
						<line number="188" hits="1"/>
						<line number="189" hits="1"/>
						<line number="190" hits="1"/>
						<line number="191" hits="1" branch="true" condition-coverage="100% (2/2)"/>
						<line number="192" hits="1"/>
						<line number="196" hits="1"/>
						<line number="199" hits="1"/>
						<line number="206" hits="1"/>
						<line number="207" hits="1" branch="true" condition-coverage="50% (1/2)" missing-branches="208"/>
						<line number="208" hits="0"/>
						<line number="213" hits="1"/>
						<line number="214" hits="1" branch="true" condition-coverage="50% (1/2)" missing-branches="215"/>
						<line number="215" hits="0"/>
						<line number="220" hits="1"/>
						<line number="221" hits="1" branch="true" condition-coverage="100% (2/2)"/>
						<line number="222" hits="1" branch="true" condition-coverage="100% (2/2)"/>
						<line number="223" hits="1"/>
						<line number="224" hits="1"/>
						<line number="225" hits="1"/>
						<line number="226" hits="1" branch="true" condition-coverage="50% (1/2)" missing-branches="227"/>
						<line number="227" hits="0"/>
						<line number="228" hits="0"/>
						<line number="230" hits="1" branch="true" condition-coverage="50% (1/2)" missing-branches="231"/>
						<line number="231" hits="0"/>
						<line number="232" hits="1" branch="true" condition-coverage="50% (1/2)" missing-branches="233"/>
						<line number="233" hits="0"/>
						<line number="235" hits="1"/>
						<line number="236" hits="1" branch="true" condition-coverage="100% (2/2)"/>
						<line number="237" hits="1"/>
						<line number="239" hits="1"/>
						<line number="242" hits="1"/>
						<line number="249" hits="1"/>
						<line number="250" hits="1"/>
						<line number="251" hits="1"/>
						<line number="253" hits="1" branch="true" condition-coverage="50% (1/2)" missing-branches="254"/>
						<line number="254" hits="0"/>
						<line number="259" hits="1"/>
						<line number="260" hits="1"/>
						<line number="262" hits="1" branch="true" condition-coverage="100% (2/2)"/>
						<line number="263" hits="1"/>
						<line number="264" hits="1"/>
						<line number="265" hits="1"/>
						<line number="266" hits="1"/>
						<line number="267" hits="1"/>
						<line number="269" hits="1" branch="true" condition-coverage="50% (1/2)" missing-branches="270"/>
						<line number="270" hits="0"/>
						<line number="272" hits="1"/>
						<line number="273" hits="1"/>
						<line number="275" hits="1"/>
						<line number="276" hits="1"/>
						<line number="277" hits="1" branch="true" condition-coverage="100% (2/2)"/>
						<line number="278" hits="1"/>
						<line number="280" hits="1"/>
						<line number="281" hits="1"/>
						<line number="282" hits="1" branch="true" condition-coverage="50% (1/2)" missing-branches="283"/>
						<line number="283" hits="0"/>
						<line number="285" hits="1"/>
						<line number="286" hits="1"/>
						<line number="287" hits="1"/>
						<line number="289" hits="1" branch="true" condition-coverage="50% (1/2)" missing-branches="262"/>
						<line number="290" hits="1"/>
						<line number="292" hits="1"/>
						<line number="295" hits="1"/>
						<line number="302" hits="1"/>
						<line number="303" hits="1" branch="true" condition-coverage="50% (1/2)" missing-branches="304"/>
						<line number="304" hits="0"/>
						<line number="309" hits="1"/>
						<line number="310" hits="1" branch="true" condition-coverage="50% (1/2)" missing-branches="311"/>
						<line number="311" hits="0"/>
						<line number="316" hits="1" branch="true" condition-coverage="50% (1/2)" missing-branches="317"/>
						<line number="317" hits="0"/>
						<line number="318" hits="0" branch="true" condition-coverage="0% (0/2)" missing-branches="319,323"/>
						<line number="319" hits="0"/>
						<line number="323" hits="0" branch="true" condition-coverage="0% (0/2)" missing-branches="324,341"/>
						<line number="324" hits="0"/>
						<line number="329" hits="1"/>
						<line number="330" hits="1" branch="true" condition-coverage="50% (1/2)" missing-branches="331"/>
						<line number="331" hits="0"/>
						<line number="335" hits="1" branch="true" condition-coverage="50% (1/2)" missing-branches="336"/>
						<line number="336" hits="0"/>
						<line number="341" hits="1"/>
						<line number="342" hits="1" branch="true" condition-coverage="100% (2/2)"/>
						<line number="343" hits="1" branch="true" condition-coverage="100% (2/2)"/>
						<line number="344" hits="1"/>
						<line number="345" hits="1"/>
						<line number="346" hits="1"/>
						<line number="347" hits="1" branch="true" condition-coverage="50% (1/2)" missing-branches="348"/>
						<line number="348" hits="0"/>
						<line number="349" hits="0"/>
						<line number="351" hits="1"/>
						<line number="352" hits="1" branch="true" condition-coverage="50% (1/2)" missing-branches="353"/>
						<line number="353" hits="0"/>
						<line number="355" hits="1"/>
						<line number="356" hits="1"/>
						<line number="358" hits="1" branch="true" condition-coverage="100% (2/2)"/>
						<line number="359" hits="1"/>
						<line number="361" hits="1"/>
						<line number="364" hits="1"/>
						<line number="371" hits="1"/>
						<line number="372" hits="1" branch="true" condition-coverage="100% (2/2)"/>
						<line number="373" hits="1"/>
						<line number="375" hits="1"/>
						<line number="376" hits="1"/>
						<line number="379" hits="1"/>
						<line number="386" hits="1"/>
						<line number="387" hits="1" branch="true" condition-coverage="50% (1/2)" missing-branches="388"/>
						<line number="388" hits="0"/>
						<line number="390" hits="1"/>
						<line number="391" hits="1"/>
					</lines>
				</class>
				<class name="io.py" filename="cellcoloc/io.py" complexity="0" line-rate="0.8413" branch-rate="0.5208">
					<methods/>
					<lines>
						<line number="8" hits="1"/>
						<line number="10" hits="1"/>
						<line number="12" hits="1"/>
						<line number="14" hits="1"/>
						<line number="15" hits="1"/>
						<line number="16" hits="1"/>
						<line number="18" hits="1"/>
						<line number="19" hits="1"/>
						<line number="22" hits="1"/>
						<line number="40" hits="1" branch="true" condition-coverage="50% (1/2)" missing-branches="41"/>
						<line number="41" hits="0"/>
						<line number="42" hits="1" branch="true" condition-coverage="100% (2/2)"/>
						<line number="43" hits="1"/>
						<line number="45" hits="1"/>
						<line number="46" hits="1"/>
						<line number="72" hits="1" branch="true" condition-coverage="100% (2/2)"/>
						<line number="73" hits="1"/>
						<line number="78" hits="1"/>
						<line number="81" hits="1"/>
						<line number="105" hits="1" branch="true" condition-coverage="100% (2/2)"/>
						<line number="106" hits="1"/>
						<line number="107" hits="1" branch="true" condition-coverage="50% (1/2)" missing-branches="109"/>
						<line number="108" hits="1"/>
						<line number="109" hits="0" branch="true" condition-coverage="0% (0/2)" missing-branches="110,112"/>
						<line number="110" hits="0"/>
						<line number="112" hits="0"/>
						<line number="114" hits="1" branch="true" condition-coverage="50% (1/2)" missing-branches="115"/>
						<line number="115" hits="0"/>
						<line number="120" hits="1" branch="true" condition-coverage="50% (1/2)" missing-branches="126"/>
						<line number="121" hits="1"/>
						<line number="126" hits="0"/>
						<line number="127" hits="1"/>
						<line number="129" hits="1"/>
						<line number="130" hits="1"/>
						<line number="135" hits="1"/>
						<line number="136" hits="1"/>
						<line number="137" hits="1"/>
						<line number="138" hits="1"/>
						<line number="139" hits="1"/>
						<line number="143" hits="1"/>
						<line number="146" hits="1"/>
						<line number="161" hits="1"/>
						<line number="162" hits="1"/>
						<line number="163" hits="1"/>
						<line number="165" hits="1"/>
						<line number="166" hits="1"/>
						<line number="179" hits="1"/>
						<line number="187" hits="1" branch="true" condition-coverage="50% (1/2)" missing-branches="188"/>
						<line number="188" hits="0"/>
						<line number="193" hits="1" branch="true" condition-coverage="50% (1/2)" missing-branches="194"/>
						<line number="194" hits="0"/>
						<line number="199" hits="1"/>
						<line number="200" hits="1"/>
						<line number="202" hits="1" branch="true" condition-coverage="100% (2/2)"/>
						<line number="203" hits="1"/>
						<line number="205" hits="1" branch="true" condition-coverage="50% (1/2)" missing-branches="206"/>
						<line number="206" hits="0"/>
						<line number="211" hits="1"/>
						<line number="214" hits="1"/>
						<line number="260" hits="1"/>
						<line number="261" hits="1"/>
						<line number="262" hits="1" branch="true" condition-coverage="50% (1/2)" missing-branches="265"/>
						<line number="263" hits="1"/>
						<line number="264" hits="1"/>
						<line number="265" hits="0" branch="true" condition-coverage="0% (0/2)" missing-branches="266,272"/>
						<line number="266" hits="0"/>
						<line number="272" hits="0"/>
						<line number="277" hits="1"/>
						<line number="278" hits="1"/>
						<line number="279" hits="1"/>
						<line number="281" hits="1"/>
						<line number="282" hits="1"/>
						<line number="283" hits="1"/>
						<line number="285" hits="1"/>
						<line number="287" hits="1"/>
						<line number="288" hits="1"/>
						<line number="290" hits="1"/>
						<line number="291" hits="1" branch="true" condition-coverage="50% (1/2)" missing-branches="297"/>
						<line number="292" hits="1"/>
						<line number="297" hits="1" branch="true" condition-coverage="50% (1/2)" missing-branches="298"/>
						<line number="298" hits="0"/>
						<line number="299" hits="0"/>
						<line number="300" hits="0" branch="true" condition-coverage="0% (0/2)" missing-branches="301,303"/>
						<line number="301" hits="0"/>
						<line number="303" hits="1" branch="true" condition-coverage="50% (1/2)" missing-branches="304"/>
						<line number="304" hits="0"/>
						<line number="309" hits="1" branch="true" condition-coverage="50% (1/2)" missing-branches="310"/>
						<line number="310" hits="0"/>
						<line number="315" hits="1"/>
						<line number="317" hits="1"/>
						<line number="333" hits="1"/>
						<line number="336" hits="1"/>
						<line number="337" hits="1"/>
						<line number="340" hits="1"/>
						<line number="343" hits="1"/>
						<line number="344" hits="1"/>
						<line number="345" hits="1"/>
						<line number="348" hits="1"/>
						<line number="365" hits="1"/>
						<line number="366" hits="1" branch="true" condition-coverage="100% (2/2)"/>
						<line number="367" hits="1"/>
						<line number="368" hits="1"/>
						<line number="370" hits="1"/>
						<line number="373" hits="1"/>
						<line number="391" hits="1"/>
						<line number="393" hits="1"/>
						<line number="394" hits="1"/>
						<line number="395" hits="1"/>
						<line number="397" hits="1"/>
						<line number="398" hits="1" branch="true" condition-coverage="50% (1/2)" missing-branches="400"/>
						<line number="399" hits="1"/>
						<line number="400" hits="0" branch="true" condition-coverage="0% (0/2)" missing-branches="401,403"/>
						<line number="401" hits="0"/>
						<line number="403" hits="1" branch="true" condition-coverage="50% (1/2)" missing-branches="406"/>
						<line number="404" hits="1"/>
						<line number="406" hits="1"/>
						<line number="407" hits="1"/>
						<line number="408" hits="1"/>
						<line number="409" hits="1"/>
						<line number="411" hits="1"/>
						<line number="412" hits="1"/>
						<line number="413" hits="1"/>
						<line number="414" hits="1"/>
						<line number="415" hits="1"/>
						<line number="417" hits="1" branch="true" condition-coverage="50% (1/2)" missing-branches="exit"/>
						<line number="418" hits="1"/>
					</lines>
				</class>
				<class name="roi.py" filename="cellcoloc/roi.py" complexity="0" line-rate="0.6957" branch-rate="0.5625">
					<methods/>
					<lines>
						<line number="8" hits="1"/>
						<line number="10" hits="1"/>
						<line number="12" hits="1"/>
						<line number="13" hits="1"/>
						<line number="15" hits="1"/>
						<line number="16" hits="1"/>
						<line number="17" hits="1"/>
						<line number="20" hits="1"/>
						<line number="32" hits="1"/>
						<line number="33" hits="1"/>
						<line number="34" hits="1"/>
						<line number="36" hits="1" branch="true" condition-coverage="100% (2/2)"/>
						<line number="37" hits="1"/>
						<line number="39" hits="1" branch="true" condition-coverage="50% (1/2)" missing-branches="40"/>
						<line number="40" hits="0"/>
						<line number="41" hits="0"/>
						<line number="43" hits="1"/>
						<line number="44" hits="1"/>
						<line number="46" hits="1"/>
						<line number="47" hits="1"/>
						<line number="48" hits="1"/>
						<line number="49" hits="1"/>
						<line number="51" hits="1" branch="true" condition-coverage="50% (1/2)" missing-branches="52"/>
						<line number="52" hits="0"/>
						<line number="53" hits="0"/>
						<line number="55" hits="1"/>
						<line number="56" hits="1"/>
						<line number="57" hits="1"/>
						<line number="58" hits="1"/>
						<line number="59" hits="1"/>
						<line number="60" hits="1"/>
						<line number="62" hits="1"/>
						<line number="65" hits="1"/>
						<line number="71" hits="0"/>
						<line number="73" hits="0"/>
						<line number="74" hits="0"/>
						<line number="75" hits="0"/>
						<line number="77" hits="0"/>
						<line number="78" hits="0"/>
						<line number="83" hits="0"/>
						<line number="90" hits="0" branch="true" condition-coverage="0% (0/2)" missing-branches="91,98"/>
						<line number="91" hits="0"/>
						<line number="98" hits="0"/>
						<line number="107" hits="0"/>
						<line number="110" hits="1"/>
						<line number="118" hits="0"/>
						<line number="123" hits="0"/>
						<line number="124" hits="0"/>
						<line number="127" hits="1"/>
						<line number="130" hits="1"/>
						<line number="131" hits="1" branch="true" condition-coverage="50% (1/2)" missing-branches="132"/>
						<line number="132" hits="0"/>
						<line number="134" hits="1"/>
						<line number="137" hits="1"/>
						<line number="140" hits="1"/>
						<line number="141" hits="1"/>
						<line number="143" hits="1"/>
						<line number="144" hits="1"/>
						<line number="146" hits="1" branch="true" condition-coverage="100% (2/2)"/>
						<line number="147" hits="1"/>
						<line number="148" hits="1" branch="true" condition-coverage="50% (1/2)" missing-branches="149"/>
						<line number="149" hits="0"/>
						<line number="151" hits="1"/>
						<line number="152" hits="1"/>
						<line number="154" hits="1" branch="true" condition-coverage="50% (1/2)" missing-branches="155"/>
						<line number="155" hits="0"/>
						<line number="157" hits="1"/>
						<line number="160" hits="1"/>
						<line number="168" hits="1"/>
					</lines>
				</class>
				<class name="runtime.py" filename="cellcoloc/runtime.py" complexity="0" line-rate="0.7286" branch-rate="0.4643">
					<methods/>
					<lines>
						<line number="11" hits="1"/>
						<line number="13" hits="1"/>
						<line number="14" hits="1"/>
						<line number="15" hits="1"/>
						<line number="16" hits="1"/>
						<line number="18" hits="1"/>
						<line number="19" hits="1"/>
						<line number="24" hits="1"/>
						<line number="31" hits="1"/>
						<line number="34" hits="1"/>
						<line number="37" hits="1"/>
						<line number="38" hits="1"/>
						<line number="39" hits="1"/>
						<line number="40" hits="1"/>
						<line number="41" hits="1"/>
						<line number="42" hits="1"/>
						<line number="43" hits="0"/>
						<line number="44" hits="0"/>
						<line number="47" hits="1"/>
						<line number="50" hits="1" branch="true" condition-coverage="50% (1/2)" missing-branches="51"/>
						<line number="51" hits="0"/>
						<line number="52" hits="1"/>
						<line number="55" hits="1"/>
						<line number="58" hits="1" branch="true" condition-coverage="50% (1/2)" missing-branches="59"/>
						<line number="59" hits="0"/>
						<line number="60" hits="1"/>
						<line number="63" hits="1"/>
						<line number="66" hits="1" branch="true" condition-coverage="50% (1/2)" missing-branches="67"/>
						<line number="67" hits="0"/>
						<line number="69" hits="1" branch="true" condition-coverage="50% (1/2)" missing-branches="72"/>
						<line number="70" hits="1"/>
						<line number="72" hits="0"/>
						<line number="74" hits="1"/>
						<line number="77" hits="1"/>
						<line number="96" hits="1"/>
						<line number="97" hits="1" branch="true" condition-coverage="100% (2/2)"/>
						<line number="98" hits="1"/>
						<line number="100" hits="1"/>
						<line number="101" hits="1"/>
						<line number="102" hits="1"/>
						<line number="103" hits="1" branch="true" condition-coverage="50% (1/2)" missing-branches="104"/>
						<line number="104" hits="0"/>
						<line number="106" hits="1"/>
						<line number="108" hits="1" branch="true" condition-coverage="50% (1/2)" missing-branches="109"/>
						<line number="109" hits="0"/>
						<line number="110" hits="0"/>
						<line number="111" hits="1" branch="true" condition-coverage="50% (1/2)" missing-branches="114"/>
						<line number="112" hits="1"/>
						<line number="113" hits="1"/>
						<line number="114" hits="0" branch="true" condition-coverage="0% (0/2)" missing-branches="115,117"/>
						<line number="115" hits="0"/>
						<line number="116" hits="0"/>
						<line number="117" hits="0" branch="true" condition-coverage="0% (0/2)" missing-branches="118,121"/>
						<line number="118" hits="0"/>
						<line number="119" hits="0"/>
						<line number="121" hits="1"/>
						<line number="122" hits="1"/>
						<line number="125" hits="1"/>
						<line number="140" hits="1"/>
						<line number="142" hits="1" branch="true" condition-coverage="50% (1/2)" missing-branches="143"/>
						<line number="143" hits="0"/>
						<line number="145" hits="1"/>
						<line number="146" hits="1" branch="true" condition-coverage="50% (1/2)" missing-branches="147"/>
						<line number="147" hits="0"/>
						<line number="149" hits="1"/>
						<line number="155" hits="1" branch="true" condition-coverage="50% (1/2)" missing-branches="156"/>
						<line number="156" hits="0"/>
						<line number="158" hits="1" branch="true" condition-coverage="50% (1/2)" missing-branches="159"/>
						<line number="159" hits="0"/>
						<line number="161" hits="1"/>
					</lines>
				</class>
				<class name="schemas.py" filename="cellcoloc/schemas.py" complexity="0" line-rate="1" branch-rate="1">
					<methods/>
					<lines>
						<line number="11" hits="1"/>
						<line number="13" hits="1"/>
						<line number="14" hits="1"/>
						<line number="15" hits="1"/>
						<line number="17" hits="1"/>
						<line number="18" hits="1"/>
						<line number="21" hits="1"/>
						<line number="22" hits="1"/>
						<line number="25" hits="1"/>
						<line number="26" hits="1"/>
						<line number="27" hits="1"/>
						<line number="28" hits="1"/>
						<line number="29" hits="1"/>
						<line number="30" hits="1"/>
						<line number="31" hits="1"/>
						<line number="32" hits="1"/>
						<line number="33" hits="1"/>
						<line number="36" hits="1"/>
						<line number="37" hits="1"/>
						<line number="40" hits="1"/>
						<line number="41" hits="1"/>
						<line number="42" hits="1"/>
						<line number="43" hits="1"/>
						<line number="44" hits="1"/>
						<line number="45" hits="1"/>
						<line number="48" hits="1"/>
						<line number="49" hits="1"/>
						<line number="57" hits="1"/>
						<line number="58" hits="1"/>
						<line number="59" hits="1"/>
						<line number="60" hits="1"/>
						<line number="61" hits="1"/>
						<line number="62" hits="1"/>
						<line number="63" hits="1"/>
						<line number="64" hits="1"/>
						<line number="65" hits="1"/>
						<line number="66" hits="1"/>
						<line number="67" hits="1"/>
						<line number="68" hits="1"/>
						<line number="71" hits="1"/>
						<line number="72" hits="1"/>
						<line number="79" hits="1"/>
						<line number="80" hits="1"/>
						<line number="81" hits="1"/>
						<line number="82" hits="1"/>
						<line number="83" hits="1"/>
						<line number="84" hits="1"/>
						<line number="85" hits="1"/>
						<line number="86" hits="1"/>
						<line number="87" hits="1"/>
						<line number="88" hits="1"/>
						<line number="91" hits="1"/>
						<line number="92" hits="1"/>
						<line number="95" hits="1"/>
						<line number="96" hits="1"/>
						<line number="97" hits="1"/>
						<line number="98" hits="1"/>
						<line number="101" hits="1"/>
						<line number="102" hits="1"/>
						<line number="105" hits="1"/>
						<line number="106" hits="1"/>
						<line number="107" hits="1"/>
						<line number="110" hits="1"/>
						<line number="111" hits="1"/>
						<line number="129" hits="1"/>
						<line number="130" hits="1"/>
						<line number="131" hits="1"/>
						<line number="134" hits="1"/>
						<line number="135" hits="1"/>
						<line number="144" hits="1"/>
						<line number="145" hits="1"/>
						<line number="146" hits="1"/>
						<line number="147" hits="1"/>
						<line number="148" hits="1"/>
						<line number="149" hits="1"/>
						<line number="150" hits="1"/>
						<line number="151" hits="1"/>
						<line number="152" hits="1"/>
						<line number="153" hits="1"/>
						<line number="154" hits="1"/>
						<line number="155" hits="1"/>
						<line number="156" hits="1"/>
						<line number="157" hits="1"/>
						<line number="158" hits="1"/>
						<line number="161" hits="1"/>
						<line number="162" hits="1"/>
						<line number="165" hits="1"/>
						<line number="166" hits="1"/>
						<line number="167" hits="1"/>
						<line number="170" hits="1"/>
						<line number="171" hits="1"/>
						<line number="192" hits="1"/>
						<line number="193" hits="1"/>
						<line number="194" hits="1"/>
						<line number="195" hits="1"/>
						<line number="196" hits="1"/>
						<line number="197" hits="1"/>
						<line number="198" hits="1"/>
						<line number="199" hits="1"/>
						<line number="200" hits="1"/>
						<line number="203" hits="1"/>
						<line number="204" hits="1"/>
						<line number="222" hits="1"/>
						<line number="223" hits="1"/>
						<line number="224" hits="1"/>
						<line number="225" hits="1"/>
					</lines>
				</class>
				<class name="segmentation.py" filename="cellcoloc/segmentation.py" complexity="0" line-rate="0.6679" branch-rate="0.4559">
					<methods/>
					<lines>
						<line number="7" hits="1"/>
						<line number="9" hits="1"/>
						<line number="10" hits="1"/>
						<line number="12" hits="1"/>
						<line number="13" hits="1"/>
						<line number="14" hits="1"/>
						<line number="15" hits="1"/>
						<line number="16" hits="1"/>
						<line number="18" hits="1"/>
						<line number="19" hits="1"/>
						<line number="22" hits="1"/>
						<line number="25" hits="1"/>
						<line number="26" hits="1"/>
						<line number="27" hits="1" branch="true" condition-coverage="50% (1/2)" missing-branches="28"/>
						<line number="28" hits="0"/>
						<line number="32" hits="1"/>
						<line number="35" hits="1"/>
						<line number="52" hits="1" branch="true" condition-coverage="100% (2/2)"/>
						<line number="53" hits="1"/>
						<line number="55" hits="1"/>
						<line number="56" hits="1" branch="true" condition-coverage="50% (1/2)" missing-branches="57"/>
						<line number="57" hits="0"/>
						<line number="59" hits="1" branch="true" condition-coverage="50% (1/2)" missing-branches="63"/>
						<line number="63" hits="0"/>
						<line number="64" hits="0" branch="true" condition-coverage="0% (0/2)" missing-branches="65,69"/>
						<line number="65" hits="0"/>
						<line number="69" hits="0"/>
						<line number="70" hits="0"/>
						<line number="72" hits="1" branch="true" condition-coverage="50% (1/2)" missing-branches="73"/>
						<line number="73" hits="0"/>
						<line number="78" hits="1"/>
						<line number="79" hits="1" branch="true" condition-coverage="50% (1/2)" missing-branches="80"/>
						<line number="80" hits="0"/>
						<line number="85" hits="1"/>
						<line number="86" hits="1"/>
						<line number="87" hits="1" branch="true" condition-coverage="100% (2/2)"/>
						<line number="88" hits="1"/>
						<line number="93" hits="1"/>
						<line number="95" hits="1"/>
						<line number="96" hits="1"/>
						<line number="100" hits="1"/>
						<line number="103" hits="1"/>
						<line number="106" hits="0"/>
						<line number="107" hits="0"/>
						<line number="108" hits="0"/>
						<line number="109" hits="0"/>
						<line number="111" hits="0"/>
						<line number="112" hits="0"/>
						<line number="113" hits="0"/>
						<line number="114" hits="0"/>
						<line number="115" hits="0"/>
						<line number="118" hits="1"/>
						<line number="121" hits="0"/>
						<line number="122" hits="0"/>
						<line number="123" hits="0" branch="true" condition-coverage="0% (0/2)" missing-branches="124,129"/>
						<line number="124" hits="0"/>
						<line number="125" hits="0"/>
						<line number="126" hits="0"/>
						<line number="127" hits="0"/>
						<line number="129" hits="0"/>
						<line number="132" hits="1"/>
						<line number="142" hits="1"/>
						<line number="143" hits="1" branch="true" condition-coverage="100% (2/2)"/>
						<line number="144" hits="1"/>
						<line number="145" hits="1"/>
						<line number="150" hits="1"/>
						<line number="151" hits="1" branch="true" condition-coverage="50% (1/2)" missing-branches="152"/>
						<line number="152" hits="0"/>
						<line number="160" hits="1"/>
						<line number="161" hits="1"/>
						<line number="162" hits="1" branch="true" condition-coverage="50% (1/2)" missing-branches="170"/>
						<line number="163" hits="1" branch="true" condition-coverage="50% (1/2)" missing-branches="165"/>
						<line number="164" hits="1"/>
						<line number="165" hits="0"/>
						<line number="170" hits="0"/>
						<line number="177" hits="1"/>
						<line number="192" hits="1"/>
						<line number="193" hits="1"/>
						<line number="195" hits="1" branch="true" condition-coverage="100% (2/2)"/>
						<line number="196" hits="1"/>
						<line number="197" hits="1" branch="true" condition-coverage="50% (1/2)" missing-branches="198"/>
						<line number="198" hits="0"/>
						<line number="199" hits="1" branch="true" condition-coverage="50% (1/2)" missing-branches="200"/>
						<line number="200" hits="0"/>
						<line number="202" hits="1"/>
						<line number="203" hits="1" branch="true" condition-coverage="50% (1/2)" missing-branches="211"/>
						<line number="204" hits="1"/>
						<line number="205" hits="1"/>
						<line number="206" hits="1" branch="true" condition-coverage="50% (1/2)" missing-branches="211"/>
						<line number="207" hits="1"/>
						<line number="208" hits="1"/>
						<line number="209" hits="1"/>
						<line number="211" hits="0"/>
						<line number="217" hits="1"/>
						<line number="229" hits="1"/>
						<line number="230" hits="1" branch="true" condition-coverage="50% (1/2)" missing-branches="231"/>
						<line number="231" hits="0"/>
						<line number="233" hits="1"/>
						<line number="234" hits="1"/>
						<line number="235" hits="1" branch="true" condition-coverage="50% (1/2)" missing-branches="236"/>
						<line number="236" hits="0"/>
						<line number="237" hits="0"/>
						<line number="238" hits="1" branch="true" condition-coverage="50% (1/2)" missing-branches="242"/>
						<line number="239" hits="1"/>
						<line number="240" hits="1"/>
						<line number="242" hits="0"/>
						<line number="243" hits="0"/>
						<line number="245" hits="1" branch="true" condition-coverage="50% (1/2)" missing-branches="246"/>
						<line number="246" hits="0"/>
						<line number="250" hits="0"/>
						<line number="255" hits="0"/>
						<line number="256" hits="0"/>
						<line number="258" hits="1"/>
						<line number="260" hits="1"/>
						<line number="261" hits="1"/>
						<line number="262" hits="1" branch="true" condition-coverage="50% (1/2)" missing-branches="263"/>
						<line number="263" hits="0"/>
						<line number="264" hits="0" branch="true" condition-coverage="0% (0/2)" missing-branches="265,266"/>
						<line number="265" hits="0"/>
						<line number="266" hits="0"/>
						<line number="268" hits="1"/>
						<line number="269" hits="1" branch="true" condition-coverage="50% (1/2)" missing-branches="271"/>
						<line number="270" hits="1"/>
						<line number="271" hits="0" branch="true" condition-coverage="0% (0/2)" missing-branches="272,273"/>
						<line number="272" hits="0"/>
						<line number="273" hits="0" branch="true" condition-coverage="0% (0/2)" missing-branches="274,276"/>
						<line number="274" hits="0"/>
						<line number="276" hits="0"/>
						<line number="278" hits="1"/>
						<line number="279" hits="1" branch="true" condition-coverage="50% (1/2)" missing-branches="282"/>
						<line number="280" hits="1"/>
						<line number="282" hits="1" branch="true" condition-coverage="50% (1/2)" missing-branches="287"/>
						<line number="283" hits="1"/>
						<line number="287" hits="1" branch="true" condition-coverage="50% (1/2)" missing-branches="288"/>
						<line number="288" hits="0"/>
						<line number="293" hits="1"/>
						<line number="294" hits="1"/>
						<line number="295" hits="1" branch="true" condition-coverage="50% (1/2)" missing-branches="297"/>
						<line number="296" hits="1"/>
						<line number="297" hits="1"/>
						<line number="300" hits="1"/>
						<line number="308" hits="1"/>
						<line number="309" hits="1" branch="true" condition-coverage="100% (2/2)"/>
						<line number="310" hits="1" branch="true" condition-coverage="50% (1/2)" missing-branches="315"/>
						<line number="311" hits="1"/>
						<line number="315" hits="0"/>
						<line number="317" hits="1"/>
						<line number="320" hits="1"/>
						<line number="333" hits="1"/>
						<line number="334" hits="1" branch="true" condition-coverage="50% (1/2)" missing-branches="336"/>
						<line number="335" hits="1"/>
						<line number="336" hits="1" branch="true" condition-coverage="50% (1/2)" missing-branches="337"/>
						<line number="337" hits="0"/>
						<line number="341" hits="1"/>
						<line number="346" hits="1"/>
						<line number="348" hits="1" branch="true" condition-coverage="50% (1/2)" missing-branches="349"/>
						<line number="349" hits="0"/>
						<line number="355" hits="1"/>
						<line number="356" hits="1"/>
						<line number="357" hits="1"/>
						<line number="362" hits="1" branch="true" condition-coverage="50% (1/2)" missing-branches="363"/>
						<line number="363" hits="0"/>
						<line number="364" hits="1" branch="true" condition-coverage="50% (1/2)" missing-branches="365"/>
						<line number="365" hits="0"/>
						<line number="367" hits="1" branch="true" condition-coverage="100% (2/2)"/>
						<line number="368" hits="1"/>
						<line number="369" hits="1"/>
						<line number="370" hits="1"/>
						<line number="371" hits="1" branch="true" condition-coverage="50% (1/2)" missing-branches="372"/>
						<line number="372" hits="0"/>
						<line number="374" hits="1" branch="true" condition-coverage="100% (2/2)"/>
						<line number="375" hits="1"/>
						<line number="380" hits="1"/>
						<line number="382" hits="1"/>
						<line number="384" hits="1" branch="true" condition-coverage="100% (2/2)"/>
						<line number="385" hits="1"/>
						<line number="386" hits="1"/>
						<line number="387" hits="1" branch="true" condition-coverage="50% (1/2)" missing-branches="388"/>
						<line number="388" hits="0" branch="true" condition-coverage="0% (0/2)" missing-branches="389,393"/>
						<line number="389" hits="0"/>
						<line number="393" hits="0" branch="true" condition-coverage="0% (0/2)" missing-branches="394,414"/>
						<line number="394" hits="0"/>
						<line number="399" hits="1" branch="true" condition-coverage="50% (1/2)" missing-branches="401"/>
						<line number="400" hits="1"/>
						<line number="401" hits="0" branch="true" condition-coverage="0% (0/2)" missing-branches="402,407"/>
						<line number="402" hits="0"/>
						<line number="407" hits="1" branch="true" condition-coverage="50% (1/2)" missing-branches="409"/>
						<line number="408" hits="1"/>
						<line number="409" hits="0" branch="true" condition-coverage="0% (0/2)" missing-branches="410,414"/>
						<line number="410" hits="0"/>
						<line number="414" hits="1"/>
						<line number="415" hits="1"/>
						<line number="416" hits="1"/>
						<line number="428" hits="1"/>
						<line number="446" hits="1"/>
						<line number="448" hits="1"/>
						<line number="449" hits="1" branch="true" condition-coverage="50% (1/2)" missing-branches="450"/>
						<line number="450" hits="0"/>
						<line number="452" hits="1" branch="true" condition-coverage="50% (1/2)" missing-branches="453"/>
						<line number="453" hits="0"/>
						<line number="458" hits="1"/>
						<line number="461" hits="1"/>
						<line number="464" hits="1"/>
						<line number="465" hits="1"/>
						<line number="466" hits="1"/>
						<line number="467" hits="1"/>
						<line number="470" hits="1"/>
						<line number="473" hits="1"/>
						<line number="474" hits="1"/>
						<line number="475" hits="1"/>
						<line number="476" hits="1"/>
						<line number="477" hits="1"/>
						<line number="480" hits="1"/>
						<line number="483" hits="1"/>
						<line number="486" hits="1"/>
						<line number="498" hits="1"/>
						<line number="499" hits="1"/>
						<line number="501" hits="1"/>
						<line number="502" hits="1" branch="true" condition-coverage="50% (1/2)" missing-branches="505"/>
						<line number="503" hits="1"/>
						<line number="505" hits="1"/>
						<line number="506" hits="1" branch="true" condition-coverage="50% (1/2)" missing-branches="509"/>
						<line number="507" hits="1"/>
						<line number="509" hits="1" branch="true" condition-coverage="50% (1/2)" missing-branches="510"/>
						<line number="510" hits="0"/>
						<line number="511" hits="0"/>
						<line number="512" hits="0" branch="true" condition-coverage="0% (0/2)" missing-branches="513,517"/>
						<line number="513" hits="0"/>
						<line number="515" hits="1"/>
						<line number="517" hits="1" branch="true" condition-coverage="50% (1/2)" missing-branches="518"/>
						<line number="518" hits="0"/>
						<line number="519" hits="0"/>
						<line number="520" hits="0"/>
						<line number="521" hits="0"/>
						<line number="522" hits="0" branch="true" condition-coverage="0% (0/2)" missing-branches="523,527"/>
						<line number="523" hits="0"/>
						<line number="525" hits="1"/>
						<line number="527" hits="1" branch="true" condition-coverage="50% (1/2)" missing-branches="530"/>
						<line number="528" hits="1"/>
						<line number="530" hits="0"/>
						<line number="532" hits="1"/>
						<line number="533" hits="1"/>
						<line number="535" hits="1" branch="true" condition-coverage="50% (1/2)" missing-branches="536"/>
						<line number="536" hits="0"/>
						<line number="538" hits="1"/>
						<line number="539" hits="1"/>
						<line number="540" hits="1" branch="true" condition-coverage="50% (1/2)" missing-branches="542"/>
						<line number="541" hits="1"/>
						<line number="542" hits="0" branch="true" condition-coverage="0% (0/2)" missing-branches="543,544"/>
						<line number="543" hits="0"/>
						<line number="544" hits="0" branch="true" condition-coverage="0% (0/2)" missing-branches="545,547"/>
						<line number="545" hits="0"/>
						<line number="547" hits="0"/>
						<line number="549" hits="1" branch="true" condition-coverage="50% (1/2)" missing-branches="553"/>
						<line number="550" hits="1"/>
						<line number="551" hits="1"/>
						<line number="553" hits="0"/>
						<line number="555" hits="1" branch="true" condition-coverage="50% (1/2)" missing-branches="556"/>
						<line number="556" hits="0"/>
						<line number="557" hits="0"/>
						<line number="558" hits="0" branch="true" condition-coverage="0% (0/2)" missing-branches="559,561"/>
						<line number="559" hits="0"/>
						<line number="561" hits="1" branch="true" condition-coverage="50% (1/2)" missing-branches="568"/>
						<line number="562" hits="1"/>
						<line number="563" hits="1"/>
						<line number="568" hits="1" branch="true" condition-coverage="50% (1/2)" missing-branches="569"/>
						<line number="569" hits="0"/>
						<line number="570" hits="0"/>
						<line number="575" hits="1" branch="true" condition-coverage="50% (1/2)" missing-branches="578"/>
						<line number="576" hits="1"/>
						<line number="578" hits="1"/>
						<line number="580" hits="1"/>
						<line number="581" hits="1"/>
						<line number="583" hits="1"/>
					</lines>
				</class>
				<class name="single_channel.py" filename="cellcoloc/single_channel.py" complexity="0" line-rate="0.8854" branch-rate="0.6447">
					<methods/>
					<lines>
						<line number="13" hits="1"/>
						<line number="15" hits="1"/>
						<line number="16" hits="1"/>
						<line number="18" hits="1"/>
						<line number="19" hits="1"/>
						<line number="20" hits="1"/>
						<line number="21" hits="1"/>
						<line number="22" hits="1"/>
						<line number="24" hits="1"/>
						<line number="32" hits="1"/>
						<line number="39" hits="1"/>
						<line number="40" hits="1"/>
						<line number="41" hits="1"/>
						<line number="42" hits="1"/>
						<line number="50" hits="1"/>
						<line number="57" hits="1"/>
						<line number="69" hits="1"/>
						<line number="72" hits="1"/>
						<line number="73" hits="1"/>
						<line number="74" hits="1"/>
						<line number="76" hits="1"/>
						<line number="77" hits="1"/>
						<line number="87" hits="1"/>
						<line number="113" hits="1"/>
						<line number="114" hits="1"/>
						<line number="115" hits="1" branch="true" condition-coverage="50% (1/2)" missing-branches="118"/>
						<line number="116" hits="1"/>
						<line number="117" hits="1"/>
						<line number="118" hits="0" branch="true" condition-coverage="0% (0/2)" missing-branches="119,125"/>
						<line number="119" hits="0"/>
						<line number="125" hits="0"/>
						<line number="130" hits="1"/>
						<line number="131" hits="1"/>
						<line number="132" hits="1"/>
						<line number="133" hits="1"/>
						<line number="134" hits="1"/>
						<line number="135" hits="1"/>
						<line number="137" hits="1"/>
						<line number="138" hits="1"/>
						<line number="139" hits="1" branch="true" condition-coverage="50% (1/2)" missing-branches="140"/>
						<line number="140" hits="0"/>
						<line number="141" hits="1"/>
						<line number="143" hits="1"/>
						<line number="157" hits="1"/>
						<line number="160" hits="1"/>
						<line number="161" hits="1" branch="true" condition-coverage="50% (1/2)" missing-branches="164"/>
						<line number="162" hits="1"/>
						<line number="163" hits="1"/>
						<line number="164" hits="0"/>
						<line number="167" hits="1"/>
						<line number="180" hits="1"/>
						<line number="181" hits="1"/>
						<line number="183" hits="1"/>
						<line number="184" hits="1"/>
						<line number="185" hits="1"/>
						<line number="190" hits="1"/>
						<line number="192" hits="1"/>
						<line number="193" hits="1"/>
						<line number="194" hits="1"/>
						<line number="198" hits="1"/>
						<line number="209" hits="1"/>
						<line number="210" hits="1" branch="true" condition-coverage="50% (1/2)" missing-branches="211"/>
						<line number="211" hits="0"/>
						<line number="213" hits="1"/>
						<line number="217" hits="1"/>
						<line number="218" hits="1"/>
						<line number="220" hits="1"/>
						<line number="235" hits="1"/>
						<line number="241" hits="1"/>
						<line number="242" hits="1"/>
						<line number="243" hits="1"/>
						<line number="244" hits="1"/>
						<line number="245" hits="1"/>
						<line number="247" hits="1"/>
						<line number="248" hits="1"/>
						<line number="249" hits="1"/>
						<line number="250" hits="1"/>
						<line number="257" hits="1"/>
						<line number="263" hits="1"/>
						<line number="264" hits="1" branch="true" condition-coverage="100% (2/2)"/>
						<line number="265" hits="1"/>
						<line number="267" hits="1"/>
						<line number="268" hits="1"/>
						<line number="269" hits="1"/>
						<line number="270" hits="1"/>
						<line number="271" hits="1"/>
						<line number="272" hits="1"/>
						<line number="274" hits="1" branch="true" condition-coverage="50% (1/2)" missing-branches="275"/>
						<line number="275" hits="0"/>
						<line number="277" hits="1"/>
						<line number="278" hits="1"/>
						<line number="279" hits="1" branch="true" condition-coverage="50% (1/2)" missing-branches="280"/>
						<line number="280" hits="0"/>
						<line number="282" hits="1"/>
						<line number="285" hits="1"/>
						<line number="291" hits="1" branch="true" condition-coverage="50% (1/2)" missing-branches="292"/>
						<line number="292" hits="0"/>
						<line number="302" hits="1"/>
						<line number="310" hits="1"/>
						<line number="312" hits="1"/>
						<line number="313" hits="1"/>
						<line number="314" hits="1" branch="true" condition-coverage="100% (2/2)"/>
						<line number="315" hits="1"/>
						<line number="316" hits="1"/>
						<line number="317" hits="1"/>
						<line number="318" hits="1"/>
						<line number="319" hits="1"/>
						<line number="320" hits="1"/>
						<line number="328" hits="1"/>
						<line number="329" hits="1"/>
						<line number="332" hits="1"/>
						<line number="335" hits="1"/>
						<line number="347" hits="1" branch="true" condition-coverage="50% (1/2)" missing-branches="348"/>
						<line number="348" hits="0"/>
						<line number="369" hits="1"/>
						<line number="370" hits="1"/>
						<line number="371" hits="1"/>
						<line number="372" hits="1"/>
						<line number="373" hits="1"/>
						<line number="374" hits="1"/>
						<line number="376" hits="1" branch="true" condition-coverage="100% (2/2)"/>
						<line number="377" hits="1" branch="true" condition-coverage="100% (2/2)"/>
						<line number="378" hits="1"/>
						<line number="379" hits="1"/>
						<line number="380" hits="1"/>
						<line number="381" hits="1"/>
						<line number="382" hits="1"/>
						<line number="384" hits="1"/>
						<line number="385" hits="1"/>
						<line number="386" hits="1"/>
						<line number="387" hits="1"/>
						<line number="392" hits="1"/>
						<line number="397" hits="1"/>
						<line number="418" hits="1" branch="true" condition-coverage="100% (2/2)"/>
						<line number="419" hits="1"/>
						<line number="420" hits="1"/>
						<line number="421" hits="1"/>
						<line number="422" hits="1"/>
						<line number="423" hits="1"/>
						<line number="425" hits="1"/>
						<line number="426" hits="1"/>
						<line number="427" hits="1"/>
						<line number="431" hits="1"/>
						<line number="439" hits="1"/>
						<line number="463" hits="1"/>
						<line number="466" hits="1"/>
						<line number="480" hits="1"/>
						<line number="481" hits="1"/>
						<line number="482" hits="1"/>
						<line number="483" hits="1"/>
						<line number="484" hits="1"/>
						<line number="485" hits="1"/>
						<line number="487" hits="1"/>
						<line number="488" hits="1" branch="true" condition-coverage="100% (2/2)"/>
						<line number="489" hits="1" branch="true" condition-coverage="50% (1/2)" missing-branches="490"/>
						<line number="490" hits="0"/>
						<line number="492" hits="1"/>
						<line number="493" hits="1"/>
						<line number="494" hits="1"/>
						<line number="495" hits="1"/>
						<line number="496" hits="1"/>
						<line number="497" hits="1"/>
						<line number="499" hits="1"/>
						<line number="507" hits="1"/>
						<line number="516" hits="1"/>
						<line number="529" hits="1" branch="true" condition-coverage="100% (2/2)"/>
						<line number="530" hits="1" branch="true" condition-coverage="50% (1/2)" missing-branches="529"/>
						<line number="531" hits="1"/>
						<line number="532" hits="1"/>
						<line number="535" hits="1"/>
						<line number="537" hits="1"/>
						<line number="541" hits="1"/>
						<line number="552" hits="1"/>
						<line number="555" hits="1"/>
						<line number="557" hits="1"/>
						<line number="558" hits="1"/>
						<line number="560" hits="1" branch="true" condition-coverage="100% (2/2)"/>
						<line number="561" hits="1"/>
						<line number="562" hits="1"/>
						<line number="568" hits="1"/>
						<line number="569" hits="1"/>
						<line number="570" hits="1"/>
						<line number="578" hits="1"/>
						<line number="590" hits="1"/>
						<line number="599" hits="1" branch="true" condition-coverage="50% (1/2)" missing-branches="600"/>
						<line number="600" hits="0"/>
						<line number="602" hits="1"/>
						<line number="603" hits="1"/>
						<line number="604" hits="1"/>
						<line number="606" hits="1" branch="true" condition-coverage="50% (1/2)" missing-branches="607"/>
						<line number="607" hits="0"/>
						<line number="609" hits="1"/>
						<line number="613" hits="1"/>
						<line number="615" hits="1"/>
						<line number="616" hits="1"/>
						<line number="617" hits="1" branch="true" condition-coverage="50% (1/2)" missing-branches="618"/>
						<line number="618" hits="0"/>
						<line number="620" hits="1"/>
						<line number="621" hits="1"/>
						<line number="622" hits="1"/>
						<line number="624" hits="1" branch="true" condition-coverage="100% (2/2)"/>
						<line number="625" hits="1"/>
						<line number="626" hits="1"/>
						<line number="627" hits="1"/>
						<line number="628" hits="1" branch="true" condition-coverage="50% (1/2)" missing-branches="629"/>
						<line number="629" hits="0"/>
						<line number="630" hits="0"/>
						<line number="632" hits="1"/>
						<line number="633" hits="1"/>
						<line number="634" hits="1"/>
						<line number="635" hits="1"/>
						<line number="636" hits="1"/>
						<line number="638" hits="1"/>
						<line number="644" hits="1" branch="true" condition-coverage="50% (1/2)" missing-branches="645"/>
						<line number="645" hits="0"/>
						<line number="646" hits="0"/>
						<line number="647" hits="0"/>
						<line number="648" hits="0"/>
						<line number="649" hits="0"/>
						<line number="650" hits="0"/>
						<line number="651" hits="0"/>
						<line number="653" hits="1"/>
						<line number="654" hits="1" branch="true" condition-coverage="50% (1/2)" missing-branches="657"/>
						<line number="655" hits="1"/>
						<line number="657" hits="1"/>
						<line number="662" hits="1"/>
						<line number="663" hits="1" branch="true" condition-coverage="50% (1/2)" missing-branches="664"/>
						<line number="664" hits="0"/>
						<line number="670" hits="1"/>
						<line number="681" hits="1"/>
						<line number="689" hits="1"/>
						<line number="690" hits="1"/>
						<line number="692" hits="1" branch="true" condition-coverage="100% (2/2)"/>
						<line number="693" hits="1"/>
						<line number="694" hits="1"/>
						<line number="697" hits="1"/>
						<line number="709" hits="1"/>
						<line number="710" hits="1" branch="true" condition-coverage="50% (1/2)" missing-branches="713"/>
						<line number="711" hits="1"/>
						<line number="713" hits="1"/>
						<line number="714" hits="1"/>
						<line number="715" hits="1" branch="true" condition-coverage="50% (1/2)" missing-branches="718"/>
						<line number="716" hits="1"/>
						<line number="718" hits="1"/>
						<line number="719" hits="1"/>
						<line number="720" hits="1"/>
						<line number="725" hits="1"/>
						<line number="728" hits="1"/>
						<line number="744" hits="1" branch="true" condition-coverage="50% (1/2)" missing-branches="745"/>
						<line number="745" hits="0"/>
						<line number="747" hits="1"/>
						<line number="757" hits="1" branch="true" condition-coverage="100% (2/2)"/>
						<line number="758" hits="1"/>
						<line number="760" hits="1" branch="true" condition-coverage="100% (2/2)"/>
						<line number="761" hits="1"/>
						<line number="767" hits="1"/>
						<line number="774" hits="1"/>
						<line number="775" hits="1"/>
						<line number="787" hits="1"/>
						<line number="793" hits="0"/>
						<line number="795" hits="0"/>
						<line number="796" hits="0"/>
						<line number="798" hits="0"/>
						<line number="799" hits="0"/>
						<line number="804" hits="0"/>
						<line number="812" hits="0"/>
						<line number="815" hits="1"/>
						<line number="821" hits="1" branch="true" condition-coverage="50% (1/2)" missing-branches="822"/>
						<line number="822" hits="0"/>
						<line number="823" hits="1"/>
						<line number="826" hits="1"/>
						<line number="841" hits="1"/>
						<line number="842" hits="1"/>
						<line number="843" hits="1"/>
						<line number="845" hits="1" branch="true" condition-coverage="50% (1/2)" missing-branches="857"/>
						<line number="846" hits="1"/>
						<line number="857" hits="1"/>
						<line number="862" hits="1" branch="true" condition-coverage="50% (1/2)" missing-branches="872"/>
						<line number="863" hits="1"/>
						<line number="872" hits="1"/>
						<line number="873" hits="1" branch="true" condition-coverage="50% (1/2)" missing-branches="890"/>
						<line number="874" hits="1"/>
						<line number="890" hits="1" branch="true" condition-coverage="50% (1/2)" missing-branches="900"/>
						<line number="891" hits="1"/>
						<line number="900" hits="1"/>
						<line number="901" hits="1"/>
						<line number="902" hits="1"/>
						<line number="905" hits="1"/>
					</lines>
				</class>
				<class name="visualization.py" filename="cellcoloc/visualization.py" complexity="0" line-rate="0.6849" branch-rate="0.3784">
					<methods/>
					<lines>
						<line number="7" hits="1"/>
						<line number="9" hits="1"/>
						<line number="11" hits="1"/>
						<line number="13" hits="1"/>
						<line number="14" hits="1"/>
						<line number="15" hits="1"/>
						<line number="18" hits="1"/>
						<line number="21" hits="1"/>
						<line number="23" hits="1" branch="true" condition-coverage="50% (1/2)" missing-branches="26"/>
						<line number="24" hits="1"/>
						<line number="26" hits="0"/>
						<line number="27" hits="0" branch="true" condition-coverage="0% (0/2)" missing-branches="28,32"/>
						<line number="28" hits="0"/>
						<line number="29" hits="0" branch="true" condition-coverage="0% (0/2)" missing-branches="30,32"/>
						<line number="30" hits="0"/>
						<line number="32" hits="0"/>
						<line number="35" hits="1"/>
						<line number="45" hits="1" branch="true" condition-coverage="50% (1/2)" missing-branches="46"/>
						<line number="46" hits="0"/>
						<line number="48" hits="1"/>
						<line number="49" hits="1" branch="true" condition-coverage="50% (1/2)" missing-branches="50"/>
						<line number="50" hits="0"/>
						<line number="52" hits="1" branch="true" condition-coverage="50% (1/2)" missing-branches="53"/>
						<line number="53" hits="0"/>
						<line number="55" hits="1"/>
						<line number="56" hits="1"/>
						<line number="57" hits="1"/>
						<line number="58" hits="0"/>
						<line number="59" hits="0"/>
						<line number="61" hits="1"/>
						<line number="64" hits="1"/>
						<line number="67" hits="0" branch="true" condition-coverage="0% (0/2)" missing-branches="exit,68"/>
						<line number="68" hits="0"/>
						<line number="71" hits="1"/>
						<line number="74" hits="1" branch="true" condition-coverage="100% (2/2)"/>
						<line number="75" hits="1"/>
						<line number="78" hits="1"/>
						<line number="83" hits="1" branch="true" condition-coverage="50% (1/2)" missing-branches="84"/>
						<line number="84" hits="0"/>
						<line number="85" hits="1"/>
						<line number="88" hits="1"/>
						<line number="94" hits="1"/>
						<line number="97" hits="1"/>
						<line number="107" hits="1" branch="true" condition-coverage="50% (1/2)" missing-branches="108"/>
						<line number="108" hits="0"/>
						<line number="109" hits="0"/>
						<line number="110" hits="0" branch="true" condition-coverage="0% (0/2)" missing-branches="111,112"/>
						<line number="111" hits="0"/>
						<line number="112" hits="0" branch="true" condition-coverage="0% (0/2)" missing-branches="113,114"/>
						<line number="113" hits="0"/>
						<line number="114" hits="0" branch="true" condition-coverage="0% (0/2)" missing-branches="115,116"/>
						<line number="115" hits="0"/>
						<line number="116" hits="0"/>
						<line number="117" hits="0"/>
						<line number="119" hits="1"/>
						<line number="122" hits="1"/>
						<line number="132" hits="1" branch="true" condition-coverage="50% (1/2)" missing-branches="133"/>
						<line number="133" hits="0"/>
						<line number="134" hits="0"/>
						<line number="135" hits="0" branch="true" condition-coverage="0% (0/2)" missing-branches="136,137"/>
						<line number="136" hits="0"/>
						<line number="137" hits="0" branch="true" condition-coverage="0% (0/2)" missing-branches="138,139"/>
						<line number="138" hits="0"/>
						<line number="139" hits="0"/>
						<line number="140" hits="0"/>
						<line number="142" hits="1"/>
						<line number="145" hits="1"/>
						<line number="155" hits="1" branch="true" condition-coverage="50% (1/2)" missing-branches="156"/>
						<line number="156" hits="0"/>
						<line number="157" hits="0"/>
						<line number="158" hits="0" branch="true" condition-coverage="0% (0/2)" missing-branches="159,160"/>
						<line number="159" hits="0"/>
						<line number="160" hits="0" branch="true" condition-coverage="0% (0/2)" missing-branches="161,162"/>
						<line number="161" hits="0"/>
						<line number="162" hits="0" branch="true" condition-coverage="0% (0/2)" missing-branches="163,164"/>
						<line number="163" hits="0"/>
						<line number="164" hits="0" branch="true" condition-coverage="0% (0/2)" missing-branches="165,166"/>
						<line number="165" hits="0"/>
						<line number="166" hits="0"/>
						<line number="167" hits="0"/>
						<line number="169" hits="1"/>
						<line number="172" hits="1"/>
						<line number="185" hits="1"/>
						<line number="186" hits="1" branch="true" condition-coverage="100% (2/2)"/>
						<line number="187" hits="1"/>
						<line number="188" hits="1"/>
						<line number="190" hits="1"/>
						<line number="191" hits="1"/>
						<line number="196" hits="1"/>
						<line number="199" hits="1"/>
						<line number="210" hits="1" branch="true" condition-coverage="100% (2/2)"/>
						<line number="211" hits="1"/>
						<line number="212" hits="1" branch="true" condition-coverage="50% (1/2)" missing-branches="213"/>
						<line number="213" hits="0"/>
						<line number="215" hits="1"/>
						<line number="216" hits="1"/>
						<line number="217" hits="1"/>
						<line number="220" hits="1"/>
						<line number="235" hits="1"/>
						<line number="236" hits="1"/>
						<line number="238" hits="1"/>
						<line number="246" hits="1"/>
						<line number="254" hits="1"/>
						<line number="261" hits="1" branch="true" condition-coverage="50% (1/2)" missing-branches="273"/>
						<line number="262" hits="1"/>
						<line number="266" hits="1"/>
						<line number="273" hits="1"/>
						<line number="274" hits="1"/>
						<line number="275" hits="1"/>
						<line number="276" hits="1"/>
						<line number="277" hits="1"/>
						<line number="280" hits="1"/>
						<line number="317" hits="1"/>
						<line number="318" hits="1"/>
						<line number="319" hits="1"/>
						<line number="321" hits="1" branch="true" condition-coverage="50% (1/2)" missing-branches="332"/>
						<line number="322" hits="1"/>
						<line number="332" hits="1" branch="true" condition-coverage="50% (1/2)" missing-branches="344"/>
						<line number="333" hits="1"/>
						<line number="344" hits="1" branch="true" condition-coverage="50% (1/2)" missing-branches="358"/>
						<line number="347" hits="1" branch="true" condition-coverage="50% (1/2)" missing-branches="358"/>
						<line number="348" hits="1"/>
						<line number="358" hits="1"/>
						<line number="359" hits="1" branch="true" condition-coverage="50% (1/2)" missing-branches="360"/>
						<line number="360" hits="0"/>
						<line number="361" hits="1" branch="true" condition-coverage="50% (1/2)" missing-branches="364"/>
						<line number="362" hits="1"/>
						<line number="364" hits="1" branch="true" condition-coverage="50% (1/2)" missing-branches="374"/>
						<line number="365" hits="1"/>
						<line number="374" hits="1"/>
						<line number="379" hits="1" branch="true" condition-coverage="50% (1/2)" missing-branches="389"/>
						<line number="380" hits="1"/>
						<line number="389" hits="1"/>
						<line number="390" hits="1" branch="true" condition-coverage="50% (1/2)" missing-branches="407"/>
						<line number="391" hits="1"/>
						<line number="407" hits="1" branch="true" condition-coverage="50% (1/2)" missing-branches="416"/>
						<line number="408" hits="1"/>
						<line number="416" hits="1" branch="true" condition-coverage="50% (1/2)" missing-branches="425"/>
						<line number="417" hits="1"/>
						<line number="425" hits="1" branch="true" condition-coverage="50% (1/2)" missing-branches="435"/>
						<line number="426" hits="1"/>
						<line number="435" hits="1"/>
						<line number="436" hits="1"/>
						<line number="437" hits="1"/>
						<line number="438" hits="1"/>
						<line number="439" hits="1"/>
					</lines>
				</class>
			</classes>
		</package>
	</packages>
</coverage>
